<?xml version="1.0" encoding="UTF-8"?>
<!-- Generated by org.testng.reporters.JUnitXMLReporter -->
<testsuite hostname="DESKTOP-Q7DQ7NJ" failures="9" tests="9" name="TestSeeker" time="21.443" errors="0" timestamp="30 Jul 2021 12:10:16 GMT">
  <testcase classname="testcases.LoginTestSeeker" name="test" time="0.897">
    <failure type="java.sql.SQLException" message="Error while persisting changes.">
      <![CDATA[java.sql.SQLException: Error while persisting changes.
	at net.pcal.sqlsheet.XlsConnection.close(XlsConnection.java:97)
	at testcases.LoginTestSeeker.test(LoginTestSeeker.java:64)
Caused by: java.io.FileNotFoundException: d:\corejava\Book2.xls (The process cannot access the file because it is being used by another process)
	at java.base/java.io.FileOutputStream.open0(Native Method)
	at java.base/java.io.FileOutputStream.open(FileOutputStream.java:291)
	at java.base/java.io.FileOutputStream.<init>(FileOutputStream.java:234)
	at java.base/java.io.FileOutputStream.<init>(FileOutputStream.java:184)
	at net.pcal.sqlsheet.XlsConnection.close(XlsConnection.java:93)
	... 25 more
... Removed 24 stack frames]]>
    </failure>
  </testcase> <!-- test -->
  <testcase classname="testcases.LoginTestSeeker" name="test" time="0.706">
    <failure type="java.sql.SQLException" message="Error while persisting changes.">
      <![CDATA[java.sql.SQLException: Error while persisting changes.
	at net.pcal.sqlsheet.XlsConnection.close(XlsConnection.java:97)
	at testcases.LoginTestSeeker.test(LoginTestSeeker.java:64)
Caused by: java.io.FileNotFoundException: d:\corejava\Book2.xls (The process cannot access the file because it is being used by another process)
	at java.base/java.io.FileOutputStream.open0(Native Method)
	at java.base/java.io.FileOutputStream.open(FileOutputStream.java:291)
	at java.base/java.io.FileOutputStream.<init>(FileOutputStream.java:234)
	at java.base/java.io.FileOutputStream.<init>(FileOutputStream.java:184)
	at net.pcal.sqlsheet.XlsConnection.close(XlsConnection.java:93)
	... 25 more
... Removed 24 stack frames]]>
    </failure>
  </testcase> <!-- test -->
  <testcase classname="testcases.LoginTestSeeker" name="test" time="0.732">
    <failure type="java.sql.SQLException" message="Error while persisting changes.">
      <![CDATA[java.sql.SQLException: Error while persisting changes.
	at net.pcal.sqlsheet.XlsConnection.close(XlsConnection.java:97)
	at testcases.LoginTestSeeker.test(LoginTestSeeker.java:64)
Caused by: java.io.FileNotFoundException: d:\corejava\Book2.xls (The process cannot access the file because it is being used by another process)
	at java.base/java.io.FileOutputStream.open0(Native Method)
	at java.base/java.io.FileOutputStream.open(FileOutputStream.java:291)
	at java.base/java.io.FileOutputStream.<init>(FileOutputStream.java:234)
	at java.base/java.io.FileOutputStream.<init>(FileOutputStream.java:184)
	at net.pcal.sqlsheet.XlsConnection.close(XlsConnection.java:93)
	... 25 more
... Removed 24 stack frames]]>
    </failure>
  </testcase> <!-- test -->
  <testcase classname="testcases.LoginTestSeeker" name="test" time="0.698">
    <failure type="java.sql.SQLException" message="Error while persisting changes.">
      <![CDATA[java.sql.SQLException: Error while persisting changes.
	at net.pcal.sqlsheet.XlsConnection.close(XlsConnection.java:97)
	at testcases.LoginTestSeeker.test(LoginTestSeeker.java:64)
Caused by: java.io.FileNotFoundException: d:\corejava\Book2.xls (The process cannot access the file because it is being used by another process)
	at java.base/java.io.FileOutputStream.open0(Native Method)
	at java.base/java.io.FileOutputStream.open(FileOutputStream.java:291)
	at java.base/java.io.FileOutputStream.<init>(FileOutputStream.java:234)
	at java.base/java.io.FileOutputStream.<init>(FileOutputStream.java:184)
	at net.pcal.sqlsheet.XlsConnection.close(XlsConnection.java:93)
	... 25 more
... Removed 24 stack frames]]>
    </failure>
  </testcase> <!-- test -->
  <testcase classname="testcases.LoginTestSeeker" name="test" time="0.685">
    <failure type="java.sql.SQLException" message="Error while persisting changes.">
      <![CDATA[java.sql.SQLException: Error while persisting changes.
	at net.pcal.sqlsheet.XlsConnection.close(XlsConnection.java:97)
	at testcases.LoginTestSeeker.test(LoginTestSeeker.java:64)
Caused by: java.io.FileNotFoundException: d:\corejava\Book2.xls (The process cannot access the file because it is being used by another process)
	at java.base/java.io.FileOutputStream.open0(Native Method)
	at java.base/java.io.FileOutputStream.open(FileOutputStream.java:291)
	at java.base/java.io.FileOutputStream.<init>(FileOutputStream.java:234)
	at java.base/java.io.FileOutputStream.<init>(FileOutputStream.java:184)
	at net.pcal.sqlsheet.XlsConnection.close(XlsConnection.java:93)
	... 25 more
... Removed 24 stack frames]]>
    </failure>
  </testcase> <!-- test -->
  <testcase classname="testcases.LoginTestSeeker" name="test" time="0.696">
    <failure type="java.sql.SQLException" message="Error while persisting changes.">
      <![CDATA[java.sql.SQLException: Error while persisting changes.
	at net.pcal.sqlsheet.XlsConnection.close(XlsConnection.java:97)
	at testcases.LoginTestSeeker.test(LoginTestSeeker.java:64)
Caused by: java.io.FileNotFoundException: d:\corejava\Book2.xls (The process cannot access the file because it is being used by another process)
	at java.base/java.io.FileOutputStream.open0(Native Method)
	at java.base/java.io.FileOutputStream.open(FileOutputStream.java:291)
	at java.base/java.io.FileOutputStream.<init>(FileOutputStream.java:234)
	at java.base/java.io.FileOutputStream.<init>(FileOutputStream.java:184)
	at net.pcal.sqlsheet.XlsConnection.close(XlsConnection.java:93)
	... 25 more
... Removed 24 stack frames]]>
    </failure>
  </testcase> <!-- test -->
  <testcase classname="testcases.LoginTestSeeker" name="test" time="1.452">
    <failure type="java.sql.SQLException" message="Error while persisting changes.">
      <![CDATA[java.sql.SQLException: Error while persisting changes.
	at net.pcal.sqlsheet.XlsConnection.close(XlsConnection.java:97)
	at testcases.LoginTestSeeker.test(LoginTestSeeker.java:64)
Caused by: java.io.FileNotFoundException: d:\corejava\Book2.xls (The process cannot access the file because it is being used by another process)
	at java.base/java.io.FileOutputStream.open0(Native Method)
	at java.base/java.io.FileOutputStream.open(FileOutputStream.java:291)
	at java.base/java.io.FileOutputStream.<init>(FileOutputStream.java:234)
	at java.base/java.io.FileOutputStream.<init>(FileOutputStream.java:184)
	at net.pcal.sqlsheet.XlsConnection.close(XlsConnection.java:93)
	... 25 more
... Removed 24 stack frames]]>
    </failure>
  </testcase> <!-- test -->
  <testcase classname="testcases.LoginTestSeeker" name="test" time="0.747">
    <failure type="java.sql.SQLException" message="Error while persisting changes.">
      <![CDATA[java.sql.SQLException: Error while persisting changes.
	at net.pcal.sqlsheet.XlsConnection.close(XlsConnection.java:97)
	at testcases.LoginTestSeeker.test(LoginTestSeeker.java:64)
Caused by: java.io.FileNotFoundException: d:\corejava\Book2.xls (The process cannot access the file because it is being used by another process)
	at java.base/java.io.FileOutputStream.open0(Native Method)
	at java.base/java.io.FileOutputStream.open(FileOutputStream.java:291)
	at java.base/java.io.FileOutputStream.<init>(FileOutputStream.java:234)
	at java.base/java.io.FileOutputStream.<init>(FileOutputStream.java:184)
	at net.pcal.sqlsheet.XlsConnection.close(XlsConnection.java:93)
	... 25 more
... Removed 24 stack frames]]>
    </failure>
  </testcase> <!-- test -->
  <testcase classname="testcases.LoginTestSeeker" name="test" time="0.711">
    <failure type="java.sql.SQLException" message="Error while persisting changes.">
      <![CDATA[java.sql.SQLException: Error while persisting changes.
	at net.pcal.sqlsheet.XlsConnection.close(XlsConnection.java:97)
	at testcases.LoginTestSeeker.test(LoginTestSeeker.java:64)
Caused by: java.io.FileNotFoundException: d:\corejava\Book2.xls (The process cannot access the file because it is being used by another process)
	at java.base/java.io.FileOutputStream.open0(Native Method)
	at java.base/java.io.FileOutputStream.open(FileOutputStream.java:291)
	at java.base/java.io.FileOutputStream.<init>(FileOutputStream.java:234)
	at java.base/java.io.FileOutputStream.<init>(FileOutputStream.java:184)
	at net.pcal.sqlsheet.XlsConnection.close(XlsConnection.java:93)
	... 25 more
... Removed 24 stack frames]]>
    </failure>
  </testcase> <!-- test -->
</testsuite> <!-- TestSeeker -->
