<?xml version="1.0" encoding="UTF-8"?>
<!-- Generated by org.testng.reporters.JUnitXMLReporter -->
<testsuite hostname="DESKTOP-Q7DQ7NJ" failures="0" tests="3" name="TestProvider" time="18.495" errors="0" timestamp="30 Jul 2021 12:10:34 GMT">
  <testcase classname="testcases.LoginTestProvider" name="test" time="0.648"/>
  <testcase classname="testcases.LoginTestProvider" name="test" time="0.432"/>
  <testcase classname="testcases.LoginTestProvider" name="test" time="0.432"/>
</testsuite> <!-- TestProvider -->
