<?xml version="1.0" encoding="UTF-8"?>
<!-- Generated by org.testng.reporters.JUnitXMLReporter -->
<testsuite ignored="0" hostname="DESKTOP-Q7DQ7NJ" failures="0" tests="4" name="Test" time="0.088" errors="0" timestamp="23 Jul 2021 17:35:06 GMT">
  <testcase classname="com.NewTest2" name="test" time="0.007"/>
  <testcase classname="com.NewTest" name="f" time="0.007"/>
  <testcase classname="com.NewTest" name="f" time="0.011"/>
  <testcase classname="com.NewTest" name="f" time="0.011"/>
</testsuite> <!-- Test -->
