<?xml version="1.0" encoding="UTF-8"?>
<testng-results ignored="0" total="1" passed="1" failed="0" skipped="0">
  <reporter-output>
  </reporter-output>
  <suite started-at="2021-08-19T11:01:18Z" name="Suite" finished-at="2021-08-19T11:01:23Z" duration-ms="5004">
    <groups>
    </groups>
    <test started-at="2021-08-19T11:01:18Z" name="Test" finished-at="2021-08-19T11:01:23Z" duration-ms="5004">
      <class name="testcases.Testcase1">
        <test-method is-config="true" signature="openBrowser(java.lang.String, java.lang.String)[pri:0, instance:testcases.Testcase1@548a102f]" started-at="2021-08-19T16:31:18Z" name="openBrowser" finished-at="2021-08-19T16:31:22Z" duration-ms="4351" status="PASS">
          <params>
            <param index="0">
              <value>
                <![CDATA[chrome]]>
              </value>
            </param>
            <param index="1">
              <value>
                <![CDATA[http://www.nethorizonconsultancy.com/Seeker.aspx]]>
              </value>
            </param>
          </params>
          <reporter-output>
          </reporter-output>
        </test-method> <!-- openBrowser -->
        <test-method signature="test()[pri:0, instance:testcases.Testcase1@548a102f]" started-at="2021-08-19T16:31:22Z" name="test" finished-at="2021-08-19T16:31:22Z" duration-ms="193" status="PASS">
          <reporter-output>
          </reporter-output>
        </test-method> <!-- test -->
        <test-method is-config="true" signature="closeBrowser()[pri:0, instance:testcases.Testcase1@548a102f]" started-at="2021-08-19T16:31:22Z" name="closeBrowser" finished-at="2021-08-19T16:31:23Z" duration-ms="435" status="PASS">
          <reporter-output>
          </reporter-output>
        </test-method> <!-- closeBrowser -->
      </class> <!-- testcases.Testcase1 -->
    </test> <!-- Test -->
  </suite> <!-- Suite -->
</testng-results>
