<?xml version="1.0" encoding="UTF-8"?>
<testng-results ignored="0" total="4" passed="4" failed="0" skipped="0">
  <reporter-output>
  </reporter-output>
  <suite started-at="2021-07-23T17:35:06Z" name="Suite" finished-at="2021-07-23T17:35:06Z" duration-ms="88">
    <groups>
    </groups>
    <test started-at="2021-07-23T17:35:06Z" name="Test" finished-at="2021-07-23T17:35:06Z" duration-ms="88">
      <class name="com.NewTest">
        <test-method signature="f(java.lang.Integer, java.lang.String, double)[pri:0, instance:com.NewTest@45f45fa1]" started-at="2021-07-23T23:05:06Z" name="f" data-provider="dp" finished-at="2021-07-23T23:05:06Z" duration-ms="7" status="PASS">
          <params>
            <param index="0">
              <value>
                <![CDATA[1]]>
              </value>
            </param>
            <param index="1">
              <value>
                <![CDATA[a]]>
              </value>
            </param>
            <param index="2">
              <value>
                <![CDATA[2.5]]>
              </value>
            </param>
          </params>
          <reporter-output>
          </reporter-output>
        </test-method> <!-- f -->
        <test-method signature="f(java.lang.Integer, java.lang.String, double)[pri:0, instance:com.NewTest@45f45fa1]" started-at="2021-07-23T23:05:06Z" name="f" data-provider="dp" finished-at="2021-07-23T23:05:06Z" duration-ms="11" status="PASS">
          <params>
            <param index="0">
              <value>
                <![CDATA[2]]>
              </value>
            </param>
            <param index="1">
              <value>
                <![CDATA[b]]>
              </value>
            </param>
            <param index="2">
              <value>
                <![CDATA[5.6]]>
              </value>
            </param>
          </params>
          <reporter-output>
          </reporter-output>
        </test-method> <!-- f -->
        <test-method signature="f(java.lang.Integer, java.lang.String, double)[pri:0, instance:com.NewTest@45f45fa1]" started-at="2021-07-23T23:05:06Z" name="f" data-provider="dp" finished-at="2021-07-23T23:05:06Z" duration-ms="11" status="PASS">
          <params>
            <param index="0">
              <value>
                <![CDATA[3]]>
              </value>
            </param>
            <param index="1">
              <value>
                <![CDATA[c]]>
              </value>
            </param>
            <param index="2">
              <value>
                <![CDATA[9.6]]>
              </value>
            </param>
          </params>
          <reporter-output>
          </reporter-output>
        </test-method> <!-- f -->
      </class> <!-- com.NewTest -->
      <class name="com.NewTest2">
        <test-method is-config="true" signature="open(java.lang.String, java.lang.String)[pri:0, instance:com.NewTest2@589b3632]" started-at="2021-07-23T23:05:06Z" name="open" finished-at="2021-07-23T23:05:06Z" duration-ms="5" status="PASS">
          <params>
            <param index="0">
              <value>
                <![CDATA[chrome]]>
              </value>
            </param>
            <param index="1">
              <value>
                <![CDATA[http://www.ccc.com]]>
              </value>
            </param>
          </params>
          <reporter-output>
          </reporter-output>
        </test-method> <!-- open -->
        <test-method signature="test()[pri:0, instance:com.NewTest2@589b3632]" started-at="2021-07-23T23:05:06Z" name="test" finished-at="2021-07-23T23:05:06Z" duration-ms="7" status="PASS">
          <reporter-output>
          </reporter-output>
        </test-method> <!-- test -->
        <test-method is-config="true" signature="close()[pri:0, instance:com.NewTest2@589b3632]" started-at="2021-07-23T23:05:06Z" name="close" finished-at="2021-07-23T23:05:06Z" duration-ms="1" status="PASS">
          <reporter-output>
          </reporter-output>
        </test-method> <!-- close -->
      </class> <!-- com.NewTest2 -->
    </test> <!-- Test -->
  </suite> <!-- Suite -->
</testng-results>
